Reading netlist file: "D:\GOWIN FPGA Projects\MCU_Tang_Nano_4K\impl\gwsynthesis\MCU_Tang_Nano_4K.vg"
Parsing netlist file "D:\GOWIN FPGA Projects\MCU_Tang_Nano_4K\impl\gwsynthesis\MCU_Tang_Nano_4K.vg" completed
Processing netlist completed
Reading constraint file: "D:\GOWIN FPGA Projects\MCU_Tang_Nano_4K\src\FPGA_tang_nano_4K.cst"
Physical Constraint parsed completed
Running placement......
[10%] Placement Phase 0 completed
[20%] Placement Phase 1 completed
[30%] Placement Phase 2 completed
[50%] Placement Phase 3 completed
Running routing......
[60%] Routing Phase 0 completed
[70%] Routing Phase 1 completed
[80%] Routing Phase 2 completed
[90%] Routing Phase 3 completed
Running timing analysis......
[95%] Timing analysis completed
Placement and routing completed
Bitstream generation in progress......
Bitstream generation completed
Running power analysis......
[100%] Power analysis completed
Generate file "D:\GOWIN FPGA Projects\MCU_Tang_Nano_4K\impl\pnr\MCU_Tang_Nano_4K.power.html" completed
Generate file "D:\GOWIN FPGA Projects\MCU_Tang_Nano_4K\impl\pnr\MCU_Tang_Nano_4K.pin.html" completed
Generate file "D:\GOWIN FPGA Projects\MCU_Tang_Nano_4K\impl\pnr\MCU_Tang_Nano_4K.rpt.html" completed
Generate file "D:\GOWIN FPGA Projects\MCU_Tang_Nano_4K\impl\pnr\MCU_Tang_Nano_4K.rpt.txt" completed
Generate file "D:\GOWIN FPGA Projects\MCU_Tang_Nano_4K\impl\pnr\MCU_Tang_Nano_4K.tr.html" completed
Sat Jan 21 12:44:27 2023

