GowinSynthesis start
Running parser ...
Analyzing VHDL file 'D:\GOWIN FPGA Projects\MCU_Tang_Nano_4K\src\gowin_empu\gowin_empu.vhd'
Analyzing entity '**'("D:\GOWIN FPGA Projects\MCU_Tang_Nano_4K\src\gowin_empu\gowin_empu.vhd":0)
Analyzing architecture '**'("D:\GOWIN FPGA Projects\MCU_Tang_Nano_4K\src\gowin_empu\gowin_empu.vhd":0)
Analyzing entity '**'("D:\GOWIN FPGA Projects\MCU_Tang_Nano_4K\src\gowin_empu\gowin_empu.vhd":0)
Analyzing architecture '**'("D:\GOWIN FPGA Projects\MCU_Tang_Nano_4K\src\gowin_empu\gowin_empu.vhd":0)
Analyzing entity '**'("D:\GOWIN FPGA Projects\MCU_Tang_Nano_4K\src\gowin_empu\gowin_empu.vhd":0)
Analyzing architecture '**'("D:\GOWIN FPGA Projects\MCU_Tang_Nano_4K\src\gowin_empu\gowin_empu.vhd":0)
Analyzing entity '**'("D:\GOWIN FPGA Projects\MCU_Tang_Nano_4K\src\gowin_empu\gowin_empu.vhd":0)
Analyzing architecture '**'("D:\GOWIN FPGA Projects\MCU_Tang_Nano_4K\src\gowin_empu\gowin_empu.vhd":0)
Analyzing entity '**'("D:\GOWIN FPGA Projects\MCU_Tang_Nano_4K\src\gowin_empu\gowin_empu.vhd":0)
Analyzing architecture '**'("D:\GOWIN FPGA Projects\MCU_Tang_Nano_4K\src\gowin_empu\gowin_empu.vhd":0)
Analyzing entity '**'("D:\GOWIN FPGA Projects\MCU_Tang_Nano_4K\src\gowin_empu\gowin_empu.vhd":0)
Analyzing architecture '**'("D:\GOWIN FPGA Projects\MCU_Tang_Nano_4K\src\gowin_empu\gowin_empu.vhd":0)
Analyzing entity '**'("D:\GOWIN FPGA Projects\MCU_Tang_Nano_4K\src\gowin_empu\gowin_empu.vhd":0)
Analyzing architecture '**'("D:\GOWIN FPGA Projects\MCU_Tang_Nano_4K\src\gowin_empu\gowin_empu.vhd":0)
Analyzing entity '**'("D:\GOWIN FPGA Projects\MCU_Tang_Nano_4K\src\gowin_empu\gowin_empu.vhd":0)
Analyzing architecture '**'("D:\GOWIN FPGA Projects\MCU_Tang_Nano_4K\src\gowin_empu\gowin_empu.vhd":0)
Analyzing entity '**'("D:\GOWIN FPGA Projects\MCU_Tang_Nano_4K\src\gowin_empu\gowin_empu.vhd":0)
Analyzing architecture '**'("D:\GOWIN FPGA Projects\MCU_Tang_Nano_4K\src\gowin_empu\gowin_empu.vhd":0)
Analyzing VHDL file 'D:\GOWIN FPGA Projects\MCU_Tang_Nano_4K\src\soc_top.vhd'
Analyzing entity 'soc_top'("D:\GOWIN FPGA Projects\MCU_Tang_Nano_4K\src\soc_top.vhd":5)
Analyzing architecture 'behavioral'("D:\GOWIN FPGA Projects\MCU_Tang_Nano_4K\src\soc_top.vhd":14)
Processing 'soc_top(Behavioral)'("D:\GOWIN FPGA Projects\MCU_Tang_Nano_4K\src\soc_top.vhd":5)
WARN  (EX4546) : Not all partial formals of 'gpio' have actuals("D:\GOWIN FPGA Projects\MCU_Tang_Nano_4K\src\soc_top.vhd":43)
Processing '**(**)'("D:\GOWIN FPGA Projects\MCU_Tang_Nano_4K\src\gowin_empu\gowin_empu.vhd":0)
Processing '**(**)'("D:\GOWIN FPGA Projects\MCU_Tang_Nano_4K\src\gowin_empu\gowin_empu.vhd":0)
Processing '**(**)'("D:\GOWIN FPGA Projects\MCU_Tang_Nano_4K\src\gowin_empu\gowin_empu.vhd":0)
Processing '**(**)'("D:\GOWIN FPGA Projects\MCU_Tang_Nano_4K\src\gowin_empu\gowin_empu.vhd":0)
Processing '**(**)'("D:\GOWIN FPGA Projects\MCU_Tang_Nano_4K\src\gowin_empu\gowin_empu.vhd":0)
Processing '**(**)'("D:\GOWIN FPGA Projects\MCU_Tang_Nano_4K\src\gowin_empu\gowin_empu.vhd":0)
Processing '**(**)'("D:\GOWIN FPGA Projects\MCU_Tang_Nano_4K\src\gowin_empu\gowin_empu.vhd":0)
Processing '**(**)'("D:\GOWIN FPGA Projects\MCU_Tang_Nano_4K\src\gowin_empu\gowin_empu.vhd":0)
Processing '**(**)'("D:\GOWIN FPGA Projects\MCU_Tang_Nano_4K\src\gowin_empu\gowin_empu.vhd":0)
NOTE  (EX0101) : Current top module is "soc_top"
[5%] Running netlist conversion ...
Running device independent optimization ...
[10%] Optimizing Phase 0 completed
[15%] Optimizing Phase 1 completed
[25%] Optimizing Phase 2 completed
Running inference ...
[30%] Inferring Phase 0 completed
[40%] Inferring Phase 1 completed
[50%] Inferring Phase 2 completed
[55%] Inferring Phase 3 completed
Running technical mapping ...
[60%] Tech-Mapping Phase 0 completed
[65%] Tech-Mapping Phase 1 completed
[75%] Tech-Mapping Phase 2 completed
[80%] Tech-Mapping Phase 3 completed
[90%] Tech-Mapping Phase 4 completed
[95%] Generate netlist file "D:\GOWIN FPGA Projects\MCU_Tang_Nano_4K\impl\gwsynthesis\MCU_Tang_Nano_4K.vg" completed
[100%] Generate report file "D:\GOWIN FPGA Projects\MCU_Tang_Nano_4K\impl\gwsynthesis\MCU_Tang_Nano_4K_syn.rpt.html" completed
GowinSynthesis finish
